# JRE version: Java(TM) SE Runtime Environment (8.0_301-b09) (build 1.8.0_301-b09)
# Java VM: Java HotSpot(TM) 64-Bit Server VM (25.301-b09 mixed mode windows-amd64 compressed oops)
Heap:
 PSYoungGen      total 135168K, used 23693K [0x00000000d6c00000, 0x00000000dfe00000, 0x0000000100000000)
  eden space 125440K, 18% used [0x00000000d6c00000,0x00000000d8323530,0x00000000de680000)
  from space 9728K, 0% used [0x00000000df180000,0x00000000df180000,0x00000000dfb00000)
  to   space 11264K, 0% used [0x00000000de680000,0x00000000de680000,0x00000000df180000)
 ParOldGen       total 55808K, used 9654K [0x0000000084400000, 0x0000000087a80000, 0x00000000d6c00000)
  object space 55808K, 17% used [0x0000000084400000,0x0000000084d6d838,0x0000000087a80000)
 Metaspace       used 21078K, capacity 22456K, committed 22656K, reserved 1069056K
  class space    used 2858K, capacity 3160K, committed 3200K, reserved 1048576K
GC Heap History (10 events):
Event: 1.260 GC heap before
{Heap before GC invocations=3 (full 0):
 PSYoungGen      total 36864K, used 34674K [0x00000000d6c00000, 0x00000000db400000, 0x0000000100000000)
  eden space 31744K, 100% used [0x00000000d6c00000,0x00000000d8b00000,0x00000000d8b00000)
  from space 5120K, 57% used [0x00000000d9000000,0x00000000d92dc858,0x00000000d9500000)
  to   space 5120K, 0% used [0x00000000d8b00000,0x00000000d8b00000,0x00000000d9000000)
 ParOldGen       total 84992K, used 24K [0x0000000084400000, 0x0000000089700000, 0x00000000d6c00000)
  object space 84992K, 0% used [0x0000000084400000,0x0000000084406000,0x0000000089700000)
 Metaspace       used 11609K, capacity 12356K, committed 12544K, reserved 1060864K
  class space    used 1519K, capacity 1703K, committed 1792K, reserved 1048576K
Event: 1.267 GC heap after
Heap after GC invocations=3 (full 0):
 PSYoungGen      total 36864K, used 5107K [0x00000000d6c00000, 0x00000000db400000, 0x0000000100000000)
  eden space 31744K, 0% used [0x00000000d6c00000,0x00000000d6c00000,0x00000000d8b00000)
  from space 5120K, 99% used [0x00000000d8b00000,0x00000000d8ffcd20,0x00000000d9000000)
  to   space 5120K, 0% used [0x00000000daf00000,0x00000000daf00000,0x00000000db400000)
 ParOldGen       total 84992K, used 540K [0x0000000084400000, 0x0000000089700000, 0x00000000d6c00000)
  object space 84992K, 0% used [0x0000000084400000,0x0000000084487320,0x0000000089700000)
 Metaspace       used 11609K, capacity 12356K, committed 12544K, reserved 1060864K
  class space    used 1519K, capacity 1703K, committed 1792K, reserved 1048576K
}
Event: 1.566 GC heap before
{Heap before GC invocations=4 (full 0):
 PSYoungGen      total 36864K, used 36851K [0x00000000d6c00000, 0x00000000db400000, 0x0000000100000000)
  eden space 31744K, 100% used [0x00000000d6c00000,0x00000000d8b00000,0x00000000d8b00000)
  from space 5120K, 99% used [0x00000000d8b00000,0x00000000d8ffcd20,0x00000000d9000000)
  to   space 5120K, 0% used [0x00000000daf00000,0x00000000daf00000,0x00000000db400000)
 ParOldGen       total 84992K, used 540K [0x0000000084400000, 0x0000000089700000, 0x00000000d6c00000)
  object space 84992K, 0% used [0x0000000084400000,0x0000000084487320,0x0000000089700000)
 Metaspace       used 15714K, capacity 16552K, committed 16640K, reserved 1062912K
  class space    used 2046K, capacity 2267K, committed 2304K, reserved 1048576K
Event: 1.577 GC heap after
Heap after GC invocations=4 (full 0):
 PSYoungGen      total 68608K, used 5111K [0x00000000d6c00000, 0x00000000db400000, 0x0000000100000000)
  eden space 63488K, 0% used [0x00000000d6c00000,0x00000000d6c00000,0x00000000daa00000)
  from space 5120K, 99% used [0x00000000daf00000,0x00000000db3fdf58,0x00000000db400000)
  to   space 5120K, 0% used [0x00000000daa00000,0x00000000daa00000,0x00000000daf00000)
 ParOldGen       total 84992K, used 3027K [0x0000000084400000, 0x0000000089700000, 0x00000000d6c00000)
  object space 84992K, 3% used [0x0000000084400000,0x00000000846f4d08,0x0000000089700000)
 Metaspace       used 15714K, capacity 16552K, committed 16640K, reserved 1062912K
  class space    used 2046K, capacity 2267K, committed 2304K, reserved 1048576K
}
Event: 2.072 GC heap before
{Heap before GC invocations=5 (full 0):
 PSYoungGen      total 68608K, used 68599K [0x00000000d6c00000, 0x00000000db400000, 0x0000000100000000)
  eden space 63488K, 100% used [0x00000000d6c00000,0x00000000daa00000,0x00000000daa00000)
  from space 5120K, 99% used [0x00000000daf00000,0x00000000db3fdf58,0x00000000db400000)
  to   space 5120K, 0% used [0x00000000daa00000,0x00000000daa00000,0x00000000daf00000)
 ParOldGen       total 84992K, used 3027K [0x0000000084400000, 0x0000000089700000, 0x00000000d6c00000)
  object space 84992K, 3% used [0x0000000084400000,0x00000000846f4d08,0x0000000089700000)
 Metaspace       used 17434K, capacity 18436K, committed 18688K, reserved 1064960K
  class space    used 2282K, capacity 2512K, committed 2560K, reserved 1048576K
Event: 2.082 GC heap after
Heap after GC invocations=5 (full 0):
 PSYoungGen      total 68608K, used 5118K [0x00000000d6c00000, 0x00000000dfb00000, 0x0000000100000000)
  eden space 63488K, 0% used [0x00000000d6c00000,0x00000000d6c00000,0x00000000daa00000)
  from space 5120K, 99% used [0x00000000daa00000,0x00000000daeffaf8,0x00000000daf00000)
  to   space 9728K, 0% used [0x00000000df180000,0x00000000df180000,0x00000000dfb00000)
 ParOldGen       total 84992K, used 5187K [0x0000000084400000, 0x0000000089700000, 0x00000000d6c00000)
  object space 84992K, 6% used [0x0000000084400000,0x0000000084910e18,0x0000000089700000)
 Metaspace       used 17434K, capacity 18436K, committed 18688K, reserved 1064960K
  class space    used 2282K, capacity 2512K, committed 2560K, reserved 1048576K
}
Event: 2.587 GC heap before
{Heap before GC invocations=6 (full 0):
 PSYoungGen      total 68608K, used 55883K [0x00000000d6c00000, 0x00000000dfb00000, 0x0000000100000000)
  eden space 63488K, 79% used [0x00000000d6c00000,0x00000000d9d93490,0x00000000daa00000)
  from space 5120K, 99% used [0x00000000daa00000,0x00000000daeffaf8,0x00000000daf00000)
  to   space 9728K, 0% used [0x00000000df180000,0x00000000df180000,0x00000000dfb00000)
 ParOldGen       total 84992K, used 5187K [0x0000000084400000, 0x0000000089700000, 0x00000000d6c00000)
  object space 84992K, 6% used [0x0000000084400000,0x0000000084910e18,0x0000000089700000)
 Metaspace       used 19793K, capacity 21130K, committed 21248K, reserved 1067008K
  class space    used 2650K, capacity 2961K, committed 3072K, reserved 1048576K
Event: 2.598 GC heap after
Heap after GC invocations=6 (full 0):
 PSYoungGen      total 135168K, used 9442K [0x00000000d6c00000, 0x00000000dfe00000, 0x0000000100000000)
  eden space 125440K, 0% used [0x00000000d6c00000,0x00000000d6c00000,0x00000000de680000)
  from space 9728K, 97% used [0x00000000df180000,0x00000000dfab8b60,0x00000000dfb00000)
  to   space 11264K, 0% used [0x00000000de680000,0x00000000de680000,0x00000000df180000)
 ParOldGen       total 84992K, used 5195K [0x0000000084400000, 0x0000000089700000, 0x00000000d6c00000)
  object space 84992K, 6% used [0x0000000084400000,0x0000000084912e18,0x0000000089700000)
 Metaspace       used 19793K, capacity 21130K, committed 21248K, reserved 1067008K
  class space    used 2650K, capacity 2961K, committed 3072K, reserved 1048576K
}
Event: 2.598 GC heap before
{Heap before GC invocations=7 (full 1):
 PSYoungGen      total 135168K, used 9442K [0x00000000d6c00000, 0x00000000dfe00000, 0x0000000100000000)
  eden space 125440K, 0% used [0x00000000d6c00000,0x00000000d6c00000,0x00000000de680000)
  from space 9728K, 97% used [0x00000000df180000,0x00000000dfab8b60,0x00000000dfb00000)
  to   space 11264K, 0% used [0x00000000de680000,0x00000000de680000,0x00000000df180000)
 ParOldGen       total 84992K, used 5195K [0x0000000084400000, 0x0000000089700000, 0x00000000d6c00000)
  object space 84992K, 6% used [0x0000000084400000,0x0000000084912e18,0x0000000089700000)
 Metaspace       used 19793K, capacity 21130K, committed 21248K, reserved 1067008K
  class space    used 2650K, capacity 2961K, committed 3072K, reserved 1048576K
Event: 2.635 GC heap after
Heap after GC invocations=7 (full 1):
 PSYoungGen      total 135168K, used 0K [0x00000000d6c00000, 0x00000000dfe00000, 0x0000000100000000)
  eden space 125440K, 0% used [0x00000000d6c00000,0x00000000d6c00000,0x00000000de680000)
  from space 9728K, 0% used [0x00000000df180000,0x00000000df180000,0x00000000dfb00000)
  to   space 11264K, 0% used [0x00000000de680000,0x00000000de680000,0x00000000df180000)
 ParOldGen       total 55808K, used 9654K [0x0000000084400000, 0x0000000087a80000, 0x00000000d6c00000)
  object space 55808K, 17% used [0x0000000084400000,0x0000000084d6d838,0x0000000087a80000)
 Metaspace       used 19793K, capacity 21130K, committed 21248K, reserved 1067008K
  class space    used 2650K, capacity 2961K, committed 3072K, reserved 1048576K
}

